2025-12-10 13:23:00 | INFO | repo=pv243-a4m36jee-2016-security-seminar | action=test | passed=true
2025-02-19 21:54:00 | WARN | repo=pv243-a4m36jee-2016-security-seminar | action=commit
2025-01-26 12:20:00 | DEBUG | repo=pv243-a4m36jee-2016-security-seminar | action=commit
2025-02-28 18:23:00 | DEBUG | repo=pv243-a4m36jee-2016-security-seminar | action=commit
2025-04-05 15:45:00 | DEBUG | repo=pv243-a4m36jee-2016-security-seminar | action=commit
2025-09-12 08:19:00 | INFO | repo=pv243-a4m36jee-2016-security-seminar | action=commit
2025-07-13 12:36:00 | DEBUG | repo=pv243-a4m36jee-2016-security-seminar | action=commit
2025-11-22 16:35:00 | INFO | repo=pv243-a4m36jee-2016-security-seminar | action=test | passed=true
2025-08-15 21:51:00 | DEBUG | repo=pv243-a4m36jee-2016-security-seminar | action=commit
2025-05-27 14:04:00 | INFO | repo=pv243-a4m36jee-2016-security-seminar | action=edit | files=4
2025-10-18 15:56:00 | INFO | repo=pv243-a4m36jee-2016-security-seminar | action=pull
2025-11-09 14:53:00 | DEBUG | repo=pv243-a4m36jee-2016-security-seminar | action=commit
2025-07-18 16:24:00 | DEBUG | repo=pv243-a4m36jee-2016-security-seminar | action=commit
2025-12-18 09:09:00 | INFO | repo=pv243-a4m36jee-2016-security-seminar | action=commit
2025-11-24 08:39:00 | INFO | repo=pv243-a4m36jee-2016-security-seminar | action=commit
2025-02-09 17:47:00 | DEBUG | repo=pv243-a4m36jee-2016-security-seminar | action=commit
2025-04-06 17:43:00 | DEBUG | repo=pv243-a4m36jee-2016-security-seminar | action=commit
2025-08-20 18:26:00 | INFO | repo=pv243-a4m36jee-2016-security-seminar | action=commit
2025-02-17 07:42:00 | DEBUG | repo=pv243-a4m36jee-2016-security-seminar | action=commit
2025-06-07 12:29:00 | DEBUG | repo=pv243-a4m36jee-2016-security-seminar | action=commit
2025-12-27 07:50:00 | INFO | repo=pv243-a4m36jee-2016-security-seminar | action=test | passed=true
2025-08-25 12:54:00 | WARN | repo=pv243-a4m36jee-2016-security-seminar | action=test | passed=true
2025-03-09 20:59:00 | DEBUG | repo=pv243-a4m36jee-2016-security-seminar | action=commit
2025-05-26 20:58:00 | WARN | repo=pv243-a4m36jee-2016-security-seminar | action=commit
2025-02-16 11:26:00 | INFO | repo=pv243-a4m36jee-2016-security-seminar | action=commit
2025-12-09 19:22:00 | WARN | repo=pv243-a4m36jee-2016-security-seminar | action=test | passed=true
2025-08-08 07:59:00 | WARN | repo=pv243-a4m36jee-2016-security-seminar | action=commit
2025-08-06 21:52:00 | INFO | repo=pv243-a4m36jee-2016-security-seminar | action=commit
2025-09-03 21:25:00 | INFO | repo=pv243-a4m36jee-2016-security-seminar | action=commit
2025-09-12 14:39:00 | DEBUG | repo=pv243-a4m36jee-2016-security-seminar | action=commit
2025-02-14 20:28:00 | INFO | repo=pv243-a4m36jee-2016-security-seminar | action=pull
2025-07-08 07:15:00 | INFO | repo=pv243-a4m36jee-2016-security-seminar | action=commit
2025-12-21 15:07:00 | WARN | repo=pv243-a4m36jee-2016-security-seminar | action=commit
2025-01-09 08:36:00 | INFO | repo=pv243-a4m36jee-2016-security-seminar | action=test | passed=true
2025-11-18 08:30:00 | INFO | repo=pv243-a4m36jee-2016-security-seminar | action=commit
2025-11-01 15:57:00 | DEBUG | repo=pv243-a4m36jee-2016-security-seminar | action=pull
2025-01-13 14:54:00 | DEBUG | repo=pv243-a4m36jee-2016-security-seminar | action=commit
2025-03-27 21:50:00 | DEBUG | repo=pv243-a4m36jee-2016-security-seminar | action=commit
2025-11-05 17:28:00 | DEBUG | repo=pv243-a4m36jee-2016-security-seminar | action=commit
2025-07-03 10:32:00 | DEBUG | repo=pv243-a4m36jee-2016-security-seminar | action=commit
2025-11-25 17:09:00 | WARN | repo=pv243-a4m36jee-2016-security-seminar | action=commit
2025-07-19 18:15:00 | WARN | repo=pv243-a4m36jee-2016-security-seminar | action=pull
2025-10-14 19:52:00 | INFO | repo=pv243-a4m36jee-2016-security-seminar | action=edit | files=5
2025-04-16 14:06:00 | INFO | repo=pv243-a4m36jee-2016-security-seminar | action=pull
2025-05-10 10:37:00 | INFO | repo=pv243-a4m36jee-2016-security-seminar | action=commit
2025-11-03 08:45:00 | DEBUG | repo=pv243-a4m36jee-2016-security-seminar | action=commit
2025-05-11 12:30:00 | INFO | repo=pv243-a4m36jee-2016-security-seminar | action=commit
2025-05-04 20:05:00 | WARN | repo=pv243-a4m36jee-2016-security-seminar | action=commit
2025-04-27 15:04:00 | INFO | repo=pv243-a4m36jee-2016-security-seminar | action=commit
2025-11-13 19:46:00 | DEBUG | repo=pv243-a4m36jee-2016-security-seminar | action=commit
2025-09-04 08:08:00 | INFO | repo=pv243-a4m36jee-2016-security-seminar | action=test | passed=true
2025-01-08 13:57:00 | DEBUG | repo=pv243-a4m36jee-2016-security-seminar | action=edit | files=3
2025-07-18 07:29:00 | WARN | repo=pv243-a4m36jee-2016-security-seminar | action=commit
2025-04-25 12:59:00 | WARN | repo=pv243-a4m36jee-2016-security-seminar | action=commit
2025-02-05 08:29:00 | INFO | repo=pv243-a4m36jee-2016-security-seminar | action=commit
2025-03-01 07:10:00 | INFO | repo=pv243-a4m36jee-2016-security-seminar | action=pull
2025-09-09 11:34:00 | DEBUG | repo=pv243-a4m36jee-2016-security-seminar | action=pull
2025-02-19 20:44:00 | INFO | repo=pv243-a4m36jee-2016-security-seminar | action=commit
2025-07-10 10:36:00 | WARN | repo=pv243-a4m36jee-2016-security-seminar | action=commit
2025-04-01 12:45:00 | DEBUG | repo=pv243-a4m36jee-2016-security-seminar | action=commit
2025-03-08 15:51:00 | INFO | repo=pv243-a4m36jee-2016-security-seminar | action=commit
2025-09-19 21:22:00 | INFO | repo=pv243-a4m36jee-2016-security-seminar | action=commit
2025-04-20 07:13:00 | INFO | repo=pv243-a4m36jee-2016-security-seminar | action=commit
2025-07-21 11:30:00 | DEBUG | repo=pv243-a4m36jee-2016-security-seminar | action=commit
2025-11-19 21:56:00 | WARN | repo=pv243-a4m36jee-2016-security-seminar | action=commit
2025-12-03 08:26:00 | WARN | repo=pv243-a4m36jee-2016-security-seminar | action=commit
2025-08-08 07:33:00 | INFO | repo=pv243-a4m36jee-2016-security-seminar | action=pull
2025-02-15 07:25:00 | DEBUG | repo=pv243-a4m36jee-2016-security-seminar | action=edit | files=3
2025-12-11 11:19:00 | INFO | repo=pv243-a4m36jee-2016-security-seminar | action=test | passed=true
2025-06-05 07:38:00 | INFO | repo=pv243-a4m36jee-2016-security-seminar | action=commit
2025-09-09 16:48:00 | WARN | repo=pv243-a4m36jee-2016-security-seminar | action=commit
2025-05-13 09:20:00 | WARN | repo=pv243-a4m36jee-2016-security-seminar | action=commit
2025-09-24 17:17:00 | WARN | repo=pv243-a4m36jee-2016-security-seminar | action=commit
2025-10-26 17:24:00 | INFO | repo=pv243-a4m36jee-2016-security-seminar | action=test | passed=true
2025-12-21 09:31:00 | INFO | repo=pv243-a4m36jee-2016-security-seminar | action=commit
2025-12-26 20:33:00 | INFO | repo=pv243-a4m36jee-2016-security-seminar | action=commit
2025-06-22 20:18:00 | WARN | repo=pv243-a4m36jee-2016-security-seminar | action=commit
2025-12-22 20:34:00 | DEBUG | repo=pv243-a4m36jee-2016-security-seminar | action=edit | files=2
2025-05-04 16:19:00 | WARN | repo=pv243-a4m36jee-2016-security-seminar | action=commit
2025-02-05 11:57:00 | INFO | repo=pv243-a4m36jee-2016-security-seminar | action=commit
2025-06-23 19:06:00 | INFO | repo=pv243-a4m36jee-2016-security-seminar | action=test | passed=true
2025-02-28 17:15:00 | DEBUG | repo=pv243-a4m36jee-2016-security-seminar | action=test | passed=true
2025-10-19 12:33:00 | DEBUG | repo=pv243-a4m36jee-2016-security-seminar | action=commit
2025-10-05 21:04:00 | DEBUG | repo=pv243-a4m36jee-2016-security-seminar | action=commit
2025-04-17 17:25:00 | INFO | repo=pv243-a4m36jee-2016-security-seminar | action=commit
2025-01-15 16:52:00 | INFO | repo=pv243-a4m36jee-2016-security-seminar | action=commit
2025-11-15 09:30:00 | DEBUG | repo=pv243-a4m36jee-2016-security-seminar | action=commit
2025-08-09 20:59:00 | WARN | repo=pv243-a4m36jee-2016-security-seminar | action=commit
2025-01-17 07:49:00 | DEBUG | repo=pv243-a4m36jee-2016-security-seminar | action=commit
2025-08-07 12:50:00 | WARN | repo=pv243-a4m36jee-2016-security-seminar | action=commit
2025-11-01 16:59:00 | DEBUG | repo=pv243-a4m36jee-2016-security-seminar | action=test | passed=true
2025-06-21 16:41:00 | DEBUG | repo=pv243-a4m36jee-2016-security-seminar | action=edit | files=2
2025-02-07 20:50:00 | INFO | repo=pv243-a4m36jee-2016-security-seminar | action=commit
2025-12-23 14:17:00 | WARN | repo=pv243-a4m36jee-2016-security-seminar | action=commit
2025-09-23 15:42:00 | DEBUG | repo=pv243-a4m36jee-2016-security-seminar | action=test | passed=true
2025-03-15 20:59:00 | INFO | repo=pv243-a4m36jee-2016-security-seminar | action=commit
